[10:26:30] non-ring atom 28 marked aromatic
[10:26:30] Explicit valence for atom # 28 N, 4, is greater than permitted
[10:26:35] Explicit valence for atom # 17 O, 3, is greater than permitted
[10:26:35] Explicit valence for atom # 16 O, 3, is greater than permitted
[10:26:35] Explicit valence for atom # 16 O, 3, is greater than permitted
[10:26:35] Explicit valence for atom # 17 O, 3, is greater than permitted
[10:26:35] Explicit valence for atom # 16 O, 3, is greater than permitted
[10:26:35] Explicit valence for atom # 16 O, 3, is greater than permitted
[10:26:50] Explicit valence for atom # 3 C, 5, is greater than permitted
[10:26:52] Explicit valence for atom # 1 N, 4, is greater than permitted
[10:26:52] Explicit valence for atom # 1 N, 4, is greater than permitted
[10:26:54] Explicit valence for atom # 19 N, 4, is greater than permitted
[10:26:54] Explicit valence for atom # 4 N, 4, is greater than permitted
[10:26:54] Can't kekulize mol.  Unkekulized atoms: 12 13 14 15 16
[10:26:54] Can't kekulize mol.  Unkekulized atoms: 12 13 14 15 16
[10:26:54] Can't kekulize mol.  Unkekulized atoms: 12 13 14 15 16
[10:26:54] Can't kekulize mol.  Unkekulized atoms: 12 13 14 15 16
[10:26:54] Can't kekulize mol.  Unkekulized atoms: 12 13 14 15 16
[10:26:55] Explicit valence for atom # 26 N, 4, is greater than permitted
[10:26:55] Explicit valence for atom # 14 N, 4, is greater than permitted
[10:26:56] Explicit valence for atom # 1 N, 4, is greater than permitted
[10:26:58] Can't kekulize mol.  Unkekulized atoms: 1 2 3 4 5 6 7 8 9
[10:26:58] Can't kekulize mol.  Unkekulized atoms: 1 2 3 4 5 6 7 8 9
[10:26:58] Can't kekulize mol.  Unkekulized atoms: 1 2 3 4 5 6 7 8 9
[10:26:58] Can't kekulize mol.  Unkekulized atoms: 1 2 3 4 5 6 7 8 9
[10:26:58] Can't kekulize mol.  Unkekulized atoms: 1 2 3 4 5 6 7 8 9
[10:26:58] Can't kekulize mol.  Unkekulized atoms: 1 2 3 4 5 6 7 8 9
[10:26:58] Can't kekulize mol.  Unkekulized atoms: 1 2 3 4 5 6 7 8 9
[10:26:58] Can't kekulize mol.  Unkekulized atoms: 1 2 3 4 5 6 7 8 9
[10:26:58] Can't kekulize mol.  Unkekulized atoms: 1 2 3 4 5 6 7 8 9
[10:26:58] Can't kekulize mol.  Unkekulized atoms: 1 2 3 4 5 6 7 8 9
[10:26:58] Can't kekulize mol.  Unkekulized atoms: 1 2 3 4 5 6 7 8 9
[10:26:58] Can't kekulize mol.  Unkekulized atoms: 25 26 27 28 29 30 32 33 34
[10:26:58] Can't kekulize mol.  Unkekulized atoms: 1 2 3 4 5 6 7 8 9
[10:26:58] Can't kekulize mol.  Unkekulized atoms: 27 28 29 30 31 32 34 35 36
[10:26:58] Can't kekulize mol.  Unkekulized atoms: 23 24 25 26 27 28 30 31 32
[10:26:58] Can't kekulize mol.  Unkekulized atoms: 25 26 27 28 29 30 32 33 34
[10:26:58] Can't kekulize mol.  Unkekulized atoms: 1 2 3 4 5 6 7 8 9
[10:26:58] Can't kekulize mol.  Unkekulized atoms: 1 2 3 4 5 6 7 8 9
[10:26:58] Can't kekulize mol.  Unkekulized atoms: 1 2 3 4 5 6 7 8 9
[10:26:58] Can't kekulize mol.  Unkekulized atoms: 1 2 3 4 5 6 7 8 9
[10:26:58] Can't kekulize mol.  Unkekulized atoms: 20 21 22 23 24 25 27 28 29
[10:26:58] Can't kekulize mol.  Unkekulized atoms: 1 2 3 4 5 6 7 8 9
[10:26:58] Can't kekulize mol.  Unkekulized atoms: 1 2 3 4 5 6 7 8 9
[10:26:58] Can't kekulize mol.  Unkekulized atoms: 1 2 3 4 5 6 7 8 9
[10:26:58] Can't kekulize mol.  Unkekulized atoms: 1 2 3 4 5 6 7 9 10
[10:26:58] Can't kekulize mol.  Unkekulized atoms: 22 23 24 25 26 27 29 30 31
[10:26:58] Can't kekulize mol.  Unkekulized atoms: 1 2 3 4 5 6 7 8 9
[10:26:58] Can't kekulize mol.  Unkekulized atoms: 1 2 3 4 5 6 7 8 9
[10:26:58] Can't kekulize mol.  Unkekulized atoms: 21 22 23 24 25 26 28 29 30
[10:26:58] Can't kekulize mol.  Unkekulized atoms: 1 2 3 4 5 6 7 8 9
[10:26:58] Can't kekulize mol.  Unkekulized atoms: 25 26 27 28 29 30 32 33 34
[10:26:58] Can't kekulize mol.  Unkekulized atoms: 1 2 3 4 5 6 7 8 9
[10:26:58] Can't kekulize mol.  Unkekulized atoms: 25 26 27 28 29 30 32 33 34
[10:26:58] Can't kekulize mol.  Unkekulized atoms: 1 2 3 4 5 6 7 8 9
[10:26:58] Can't kekulize mol.  Unkekulized atoms: 1 2 3 4 5 6 7 8 9
[10:26:58] Can't kekulize mol.  Unkekulized atoms: 1 2 3 4 5 6 7 8 9
[10:26:58] Can't kekulize mol.  Unkekulized atoms: 22 23 24 25 26 27 29 30 31
[10:26:58] Can't kekulize mol.  Unkekulized atoms: 1 2 3 4 5 6 7 8 9
[10:26:58] Can't kekulize mol.  Unkekulized atoms: 1 2 3 4 5 6 7 8 9
[10:26:58] Can't kekulize mol.  Unkekulized atoms: 1 2 3 4 5 6 7 8 9
[10:26:58] Can't kekulize mol.  Unkekulized atoms: 1 2 3 4 5 6 7 8 9
[10:26:58] Can't kekulize mol.  Unkekulized atoms: 30 31 32 33 34 35 37 38 39
[10:26:58] Can't kekulize mol.  Unkekulized atoms: 1 2 3 4 5 6 7 8 9
[10:26:58] Can't kekulize mol.  Unkekulized atoms: 1 2 3 4 5 6 7 8 9
[10:26:58] Can't kekulize mol.  Unkekulized atoms: 26 27 28 29 30 31 33 34 35
[10:26:58] Can't kekulize mol.  Unkekulized atoms: 1 2 3 4 5 6 7 8 9
[10:26:58] Can't kekulize mol.  Unkekulized atoms: 1 2 3 4 5 6 7 8 9
[10:26:58] Can't kekulize mol.  Unkekulized atoms: 24 25 26 27 28 29 31 32 33
[10:26:58] Can't kekulize mol.  Unkekulized atoms: 25 26 27 28 29 30 32 33 34
[10:26:58] Can't kekulize mol.  Unkekulized atoms: 1 2 3 4 5 6 7 8 9
[10:26:58] Can't kekulize mol.  Unkekulized atoms: 24 25 26 27 28 29 30 31 32
[10:26:58] Can't kekulize mol.  Unkekulized atoms: 1 2 3 4 5 6 7 8 9
[10:26:58] Can't kekulize mol.  Unkekulized atoms: 1 2 3 4 5 6 7 8 9
[10:26:58] Can't kekulize mol.  Unkekulized atoms: 1 2 3 4 5 6 7 8 9
[10:26:58] Can't kekulize mol.  Unkekulized atoms: 1 2 3 4 5 6 7 8 9
[10:26:58] Can't kekulize mol.  Unkekulized atoms: 1 2 3 4 5 6 7 8 9
[10:26:58] Can't kekulize mol.  Unkekulized atoms: 1 2 3 4 5 6 7 8 9
[10:26:58] Can't kekulize mol.  Unkekulized atoms: 26 27 28 29 30 31 33 34 35
[10:26:58] Can't kekulize mol.  Unkekulized atoms: 22 23 24 25 26 27 29 30 31
[10:26:58] Can't kekulize mol.  Unkekulized atoms: 1 2 3 4 5 6 7 8 9
[10:26:58] Can't kekulize mol.  Unkekulized atoms: 1 2 3 4 5 6 7 8 9
[10:26:58] Can't kekulize mol.  Unkekulized atoms: 1 2 3 4 5 6 7 8 9
[10:26:58] Can't kekulize mol.  Unkekulized atoms: 1 2 3 4 5 6 7 8 9
[10:26:58] Can't kekulize mol.  Unkekulized atoms: 6 7 8 9 10 11 12 13 14
[10:26:58] Can't kekulize mol.  Unkekulized atoms: 2 3 4 5 6 7 8 9 10
[10:26:58] Can't kekulize mol.  Unkekulized atoms: 6 7 8 9 10 11 19 20 21
[10:26:58] Can't kekulize mol.  Unkekulized atoms: 1 2 3 4 5 6 7 8 9
[10:26:58] Can't kekulize mol.  Unkekulized atoms: 25 26 27 28 29 30 32 33 34
[10:26:58] Can't kekulize mol.  Unkekulized atoms: 23 24 25 26 27 28 30 31 32
[10:26:58] Can't kekulize mol.  Unkekulized atoms: 1 2 3 4 5 6 7 8 9
[10:26:58] Can't kekulize mol.  Unkekulized atoms: 1 2 3 4 5 6 7 8 9
[10:26:58] Can't kekulize mol.  Unkekulized atoms: 1 2 3 4 5 6 7 8 9
[10:26:58] Can't kekulize mol.  Unkekulized atoms: 1 2 3 4 5 6 7 8 9
[10:26:58] Can't kekulize mol.  Unkekulized atoms: 21 22 23 24 25 26 28 29 30
[10:26:58] Can't kekulize mol.  Unkekulized atoms: 19 20 21 22 23 24 26 27 28
[10:26:58] Can't kekulize mol.  Unkekulized atoms: 1 2 3 4 5 6 7 8 9
[10:26:58] Can't kekulize mol.  Unkekulized atoms: 1 2 3 4 5 6 7 8 9
[10:26:58] Can't kekulize mol.  Unkekulized atoms: 1 2 3 4 5 6 7 8 9
[10:26:58] Can't kekulize mol.  Unkekulized atoms: 19 20 21 22 23 24 26 27 28
[10:26:58] Can't kekulize mol.  Unkekulized atoms: 1 2 3 4 5 6 7 8 9
[10:26:58] Can't kekulize mol.  Unkekulized atoms: 20 21 22 23 24 25 27 28 29
[10:26:58] Can't kekulize mol.  Unkekulized atoms: 1 2 3 4 5 6 7 8 9
[10:26:58] Can't kekulize mol.  Unkekulized atoms: 21 22 23 24 25 26 28 29 30
[10:26:58] Can't kekulize mol.  Unkekulized atoms: 1 2 3 4 5 6 7 8 9
[10:26:58] Can't kekulize mol.  Unkekulized atoms: 1 2 3 4 5 6 7 8 9
[10:26:58] Can't kekulize mol.  Unkekulized atoms: 1 2 3 4 5 6 7 8 9
[10:26:58] Can't kekulize mol.  Unkekulized atoms: 1 2 3 4 5 6 7 8 9
[10:26:58] Can't kekulize mol.  Unkekulized atoms: 1 2 3 4 5 6 7 8 9
[10:26:58] Can't kekulize mol.  Unkekulized atoms: 1 2 3 4 5 6 7 8 9
[10:26:58] Can't kekulize mol.  Unkekulized atoms: 1 2 3 4 5 6 7 8 9
[10:26:58] Can't kekulize mol.  Unkekulized atoms: 1 2 3 4 5 6 7 8 9
[10:26:58] Can't kekulize mol.  Unkekulized atoms: 1 2 3 4 5 6 7 8 9
[10:26:58] Can't kekulize mol.  Unkekulized atoms: 26 27 28 29 30 31 33 34 35
[10:26:58] Can't kekulize mol.  Unkekulized atoms: 1 2 3 4 5 6 7 8 9
[10:26:58] Can't kekulize mol.  Unkekulized atoms: 27 28 29 30 31 32 34 35 36
[10:26:58] Can't kekulize mol.  Unkekulized atoms: 1 2 3 4 5 6 7 8 9
[10:26:58] Can't kekulize mol.  Unkekulized atoms: 21 22 23 24 25 26 28 29 30
[10:26:58] Can't kekulize mol.  Unkekulized atoms: 1 2 3 4 5 6 7 8 9
[10:26:58] Can't kekulize mol.  Unkekulized atoms: 1 2 3 4 5 6 7 8 9
[10:26:58] Can't kekulize mol.  Unkekulized atoms: 1 2 3 4 5 6 7 8 9
[10:26:58] Can't kekulize mol.  Unkekulized atoms: 1 2 3 4 5 6 7 8 9
[10:26:58] Can't kekulize mol.  Unkekulized atoms: 1 2 3 4 5 6 7 8 9
[10:26:58] Can't kekulize mol.  Unkekulized atoms: 1 2 3 4 5 6 7 8 9
[10:26:58] Can't kekulize mol.  Unkekulized atoms: 1 2 3 4 5 6 7 8 9
[10:26:58] Can't kekulize mol.  Unkekulized atoms: 1 2 3 4 5 6 7 8 9
[10:26:58] Can't kekulize mol.  Unkekulized atoms: 1 2 3 4 5 6 7 8 9
[10:26:58] Can't kekulize mol.  Unkekulized atoms: 1 2 3 4 5 6 7 8 9
[10:26:58] Can't kekulize mol.  Unkekulized atoms: 1 2 3 4 5 6 7 8 9
[10:26:58] Can't kekulize mol.  Unkekulized atoms: 25 26 27 28 29 30 32 33 34
[10:26:58] Can't kekulize mol.  Unkekulized atoms: 1 2 3 4 5 6 7 8 9
[10:26:58] Can't kekulize mol.  Unkekulized atoms: 27 28 29 30 31 32 34 35 36
[10:26:58] Can't kekulize mol.  Unkekulized atoms: 23 24 25 26 27 28 30 31 32
[10:26:58] Can't kekulize mol.  Unkekulized atoms: 25 26 27 28 29 30 32 33 34
[10:26:58] Can't kekulize mol.  Unkekulized atoms: 1 2 3 4 5 6 7 8 9
[10:26:58] Can't kekulize mol.  Unkekulized atoms: 1 2 3 4 5 6 7 8 9
[10:26:58] Can't kekulize mol.  Unkekulized atoms: 1 2 3 4 5 6 7 8 9
[10:26:58] Can't kekulize mol.  Unkekulized atoms: 1 2 3 4 5 6 7 8 9
[10:26:58] Can't kekulize mol.  Unkekulized atoms: 20 21 22 23 24 25 27 28 29
[10:26:58] Can't kekulize mol.  Unkekulized atoms: 1 2 3 4 5 6 7 8 9
[10:26:58] Can't kekulize mol.  Unkekulized atoms: 1 2 3 4 5 6 7 8 9
[10:26:58] Can't kekulize mol.  Unkekulized atoms: 1 2 3 4 5 6 7 8 9
[10:26:58] Can't kekulize mol.  Unkekulized atoms: 1 2 3 4 5 6 7 9 10
[10:26:58] Can't kekulize mol.  Unkekulized atoms: 22 23 24 25 26 27 29 30 31
[10:26:58] Can't kekulize mol.  Unkekulized atoms: 1 2 3 4 5 6 7 8 9
[10:26:58] Can't kekulize mol.  Unkekulized atoms: 1 2 3 4 5 6 7 8 9
[10:26:58] Can't kekulize mol.  Unkekulized atoms: 21 22 23 24 25 26 28 29 30
[10:26:58] Can't kekulize mol.  Unkekulized atoms: 1 2 3 4 5 6 7 8 9
[10:26:58] Can't kekulize mol.  Unkekulized atoms: 25 26 27 28 29 30 32 33 34
[10:26:58] Can't kekulize mol.  Unkekulized atoms: 1 2 3 4 5 6 7 8 9
[10:26:58] Can't kekulize mol.  Unkekulized atoms: 25 26 27 28 29 30 32 33 34
[10:26:58] Can't kekulize mol.  Unkekulized atoms: 1 2 3 4 5 6 7 8 9
[10:26:58] Can't kekulize mol.  Unkekulized atoms: 1 2 3 4 5 6 7 8 9
[10:26:58] Can't kekulize mol.  Unkekulized atoms: 1 2 3 4 5 6 7 8 9
[10:26:58] Can't kekulize mol.  Unkekulized atoms: 22 23 24 25 26 27 29 30 31
[10:26:58] Can't kekulize mol.  Unkekulized atoms: 1 2 3 4 5 6 7 8 9
[10:26:58] Can't kekulize mol.  Unkekulized atoms: 1 2 3 4 5 6 7 8 9
[10:26:58] Can't kekulize mol.  Unkekulized atoms: 1 2 3 4 5 6 7 8 9
[10:26:58] Can't kekulize mol.  Unkekulized atoms: 1 2 3 4 5 6 7 8 9
[10:26:58] Can't kekulize mol.  Unkekulized atoms: 30 31 32 33 34 35 37 38 39
[10:26:58] Can't kekulize mol.  Unkekulized atoms: 1 2 3 4 5 6 7 8 9
[10:26:58] Can't kekulize mol.  Unkekulized atoms: 1 2 3 4 5 6 7 8 9
[10:26:58] Can't kekulize mol.  Unkekulized atoms: 26 27 28 29 30 31 33 34 35
[10:26:58] Can't kekulize mol.  Unkekulized atoms: 1 2 3 4 5 6 7 8 9
[10:26:58] Can't kekulize mol.  Unkekulized atoms: 1 2 3 4 5 6 7 8 9
[10:26:58] Can't kekulize mol.  Unkekulized atoms: 24 25 26 27 28 29 31 32 33
[10:26:58] Can't kekulize mol.  Unkekulized atoms: 25 26 27 28 29 30 32 33 34
[10:26:58] Can't kekulize mol.  Unkekulized atoms: 1 2 3 4 5 6 7 8 9
[10:26:58] Can't kekulize mol.  Unkekulized atoms: 24 25 26 27 28 29 30 31 32
[10:26:58] Can't kekulize mol.  Unkekulized atoms: 1 2 3 4 5 6 7 8 9
[10:26:58] Can't kekulize mol.  Unkekulized atoms: 1 2 3 4 5 6 7 8 9
[10:26:58] Can't kekulize mol.  Unkekulized atoms: 1 2 3 4 5 6 7 8 9
[10:26:58] Can't kekulize mol.  Unkekulized atoms: 1 2 3 4 5 6 7 8 9
[10:26:58] Can't kekulize mol.  Unkekulized atoms: 1 2 3 4 5 6 7 8 9
[10:26:58] Can't kekulize mol.  Unkekulized atoms: 1 2 3 4 5 6 7 8 9
[10:26:58] Can't kekulize mol.  Unkekulized atoms: 26 27 28 29 30 31 33 34 35
[10:26:58] Can't kekulize mol.  Unkekulized atoms: 22 23 24 25 26 27 29 30 31
[10:26:58] Can't kekulize mol.  Unkekulized atoms: 1 2 3 4 5 6 7 8 9
[10:26:58] Can't kekulize mol.  Unkekulized atoms: 1 2 3 4 5 6 7 8 9
[10:26:58] Can't kekulize mol.  Unkekulized atoms: 1 2 3 4 5 6 7 8 9
[10:26:58] Can't kekulize mol.  Unkekulized atoms: 1 2 3 4 5 6 7 8 9
[10:26:58] Can't kekulize mol.  Unkekulized atoms: 6 7 8 9 10 11 12 13 14
[10:26:58] Can't kekulize mol.  Unkekulized atoms: 2 3 4 5 6 7 8 9 10
[10:26:58] Can't kekulize mol.  Unkekulized atoms: 6 7 8 9 10 11 19 20 21
[10:26:58] Can't kekulize mol.  Unkekulized atoms: 1 2 3 4 5 6 7 8 9
[10:26:58] Can't kekulize mol.  Unkekulized atoms: 25 26 27 28 29 30 32 33 34
[10:26:58] Can't kekulize mol.  Unkekulized atoms: 23 24 25 26 27 28 30 31 32
[10:26:58] Can't kekulize mol.  Unkekulized atoms: 1 2 3 4 5 6 7 8 9
[10:26:58] Can't kekulize mol.  Unkekulized atoms: 1 2 3 4 5 6 7 8 9
[10:26:58] Can't kekulize mol.  Unkekulized atoms: 1 2 3 4 5 6 7 8 9
[10:26:58] Can't kekulize mol.  Unkekulized atoms: 1 2 3 4 5 6 7 8 9
[10:26:58] Can't kekulize mol.  Unkekulized atoms: 21 22 23 24 25 26 28 29 30
[10:26:58] Can't kekulize mol.  Unkekulized atoms: 19 20 21 22 23 24 26 27 28
[10:26:58] Can't kekulize mol.  Unkekulized atoms: 1 2 3 4 5 6 7 8 9
[10:26:58] Can't kekulize mol.  Unkekulized atoms: 1 2 3 4 5 6 7 8 9
[10:26:58] Can't kekulize mol.  Unkekulized atoms: 1 2 3 4 5 6 7 8 9
[10:26:58] Can't kekulize mol.  Unkekulized atoms: 19 20 21 22 23 24 26 27 28
[10:26:58] Can't kekulize mol.  Unkekulized atoms: 1 2 3 4 5 6 7 8 9
[10:26:58] Can't kekulize mol.  Unkekulized atoms: 20 21 22 23 24 25 27 28 29
[10:26:58] Can't kekulize mol.  Unkekulized atoms: 1 2 3 4 5 6 7 8 9
[10:26:58] Can't kekulize mol.  Unkekulized atoms: 21 22 23 24 25 26 28 29 30
[10:26:58] Can't kekulize mol.  Unkekulized atoms: 1 2 3 4 5 6 7 8 9
[10:26:58] Can't kekulize mol.  Unkekulized atoms: 1 2 3 4 5 6 7 8 9
[10:26:58] Can't kekulize mol.  Unkekulized atoms: 1 2 3 4 5 6 7 8 9
[10:26:58] Can't kekulize mol.  Unkekulized atoms: 1 2 3 4 5 6 7 8 9
[10:26:58] Can't kekulize mol.  Unkekulized atoms: 1 2 3 4 5 6 7 8 9
[10:26:58] Can't kekulize mol.  Unkekulized atoms: 1 2 3 4 5 6 7 8 9
[10:26:58] Can't kekulize mol.  Unkekulized atoms: 1 2 3 4 5 6 7 8 9
[10:26:58] Can't kekulize mol.  Unkekulized atoms: 1 2 3 4 5 6 7 8 9
[10:26:58] Can't kekulize mol.  Unkekulized atoms: 1 2 3 4 5 6 7 8 9
[10:26:58] Can't kekulize mol.  Unkekulized atoms: 26 27 28 29 30 31 33 34 35
[10:26:58] Can't kekulize mol.  Unkekulized atoms: 1 2 3 4 5 6 7 8 9
[10:26:58] Can't kekulize mol.  Unkekulized atoms: 27 28 29 30 31 32 34 35 36
[10:26:58] Can't kekulize mol.  Unkekulized atoms: 1 2 3 4 5 6 7 8 9
[10:26:58] Can't kekulize mol.  Unkekulized atoms: 21 22 23 24 25 26 28 29 30
[10:26:58] Can't kekulize mol.  Unkekulized atoms: 1 2 3 4 5 6 7 8 9
[10:26:58] Can't kekulize mol.  Unkekulized atoms: 1 2 3 4 5 6 7 8 9
[10:26:58] Can't kekulize mol.  Unkekulized atoms: 1 2 3 4 5 6 7 8 9
[10:26:58] Can't kekulize mol.  Unkekulized atoms: 1 2 3 4 5 6 7 8 9
[10:26:58] Can't kekulize mol.  Unkekulized atoms: 1 2 3 4 5 6 7 8 9
[10:26:58] Can't kekulize mol.  Unkekulized atoms: 1 2 3 4 5 6 7 8 9
[10:26:58] Can't kekulize mol.  Unkekulized atoms: 1 2 3 4 5 6 7 8 9
[10:26:58] Can't kekulize mol.  Unkekulized atoms: 1 2 3 4 5 6 7 8 9
[10:26:58] Can't kekulize mol.  Unkekulized atoms: 1 2 3 4 5 6 7 8 9
[10:26:58] Can't kekulize mol.  Unkekulized atoms: 1 2 3 4 5 6 7 8 9
[10:26:58] Can't kekulize mol.  Unkekulized atoms: 1 2 3 4 5 6 7 8 9
[10:26:58] Can't kekulize mol.  Unkekulized atoms: 25 26 27 28 29 30 32 33 34
[10:26:58] Can't kekulize mol.  Unkekulized atoms: 1 2 3 4 5 6 7 8 9
[10:26:58] Can't kekulize mol.  Unkekulized atoms: 27 28 29 30 31 32 34 35 36
[10:26:58] Can't kekulize mol.  Unkekulized atoms: 23 24 25 26 27 28 30 31 32
[10:26:58] Can't kekulize mol.  Unkekulized atoms: 25 26 27 28 29 30 32 33 34
[10:26:58] Can't kekulize mol.  Unkekulized atoms: 1 2 3 4 5 6 7 8 9
[10:26:58] Can't kekulize mol.  Unkekulized atoms: 1 2 3 4 5 6 7 8 9
[10:26:58] Can't kekulize mol.  Unkekulized atoms: 1 2 3 4 5 6 7 8 9
[10:26:58] Can't kekulize mol.  Unkekulized atoms: 1 2 3 4 5 6 7 8 9
[10:26:58] Can't kekulize mol.  Unkekulized atoms: 20 21 22 23 24 25 27 28 29
[10:26:58] Can't kekulize mol.  Unkekulized atoms: 1 2 3 4 5 6 7 8 9
[10:26:58] Can't kekulize mol.  Unkekulized atoms: 1 2 3 4 5 6 7 8 9
[10:26:58] Can't kekulize mol.  Unkekulized atoms: 1 2 3 4 5 6 7 8 9
[10:26:58] Can't kekulize mol.  Unkekulized atoms: 1 2 3 4 5 6 7 9 10
[10:26:58] Can't kekulize mol.  Unkekulized atoms: 22 23 24 25 26 27 29 30 31
[10:26:58] Can't kekulize mol.  Unkekulized atoms: 1 2 3 4 5 6 7 8 9
[10:26:58] Can't kekulize mol.  Unkekulized atoms: 1 2 3 4 5 6 7 8 9
[10:26:58] Can't kekulize mol.  Unkekulized atoms: 21 22 23 24 25 26 28 29 30
[10:26:58] Can't kekulize mol.  Unkekulized atoms: 1 2 3 4 5 6 7 8 9
[10:26:58] Can't kekulize mol.  Unkekulized atoms: 25 26 27 28 29 30 32 33 34
[10:26:58] Can't kekulize mol.  Unkekulized atoms: 1 2 3 4 5 6 7 8 9
[10:26:58] Can't kekulize mol.  Unkekulized atoms: 25 26 27 28 29 30 32 33 34
[10:26:58] Can't kekulize mol.  Unkekulized atoms: 1 2 3 4 5 6 7 8 9
[10:26:58] Can't kekulize mol.  Unkekulized atoms: 1 2 3 4 5 6 7 8 9
[10:26:58] Can't kekulize mol.  Unkekulized atoms: 1 2 3 4 5 6 7 8 9
[10:26:58] Can't kekulize mol.  Unkekulized atoms: 22 23 24 25 26 27 29 30 31
[10:26:58] Can't kekulize mol.  Unkekulized atoms: 1 2 3 4 5 6 7 8 9
[10:26:58] Can't kekulize mol.  Unkekulized atoms: 1 2 3 4 5 6 7 8 9
[10:26:58] Can't kekulize mol.  Unkekulized atoms: 1 2 3 4 5 6 7 8 9
[10:26:58] Can't kekulize mol.  Unkekulized atoms: 1 2 3 4 5 6 7 8 9
[10:26:58] Can't kekulize mol.  Unkekulized atoms: 30 31 32 33 34 35 37 38 39
[10:26:58] Can't kekulize mol.  Unkekulized atoms: 1 2 3 4 5 6 7 8 9
[10:26:58] Can't kekulize mol.  Unkekulized atoms: 1 2 3 4 5 6 7 8 9
[10:26:58] Can't kekulize mol.  Unkekulized atoms: 26 27 28 29 30 31 33 34 35
[10:26:58] Can't kekulize mol.  Unkekulized atoms: 1 2 3 4 5 6 7 8 9
[10:26:58] Can't kekulize mol.  Unkekulized atoms: 1 2 3 4 5 6 7 8 9
[10:26:58] Can't kekulize mol.  Unkekulized atoms: 24 25 26 27 28 29 31 32 33
[10:26:58] Can't kekulize mol.  Unkekulized atoms: 25 26 27 28 29 30 32 33 34
[10:26:58] Can't kekulize mol.  Unkekulized atoms: 1 2 3 4 5 6 7 8 9
[10:26:58] Can't kekulize mol.  Unkekulized atoms: 24 25 26 27 28 29 30 31 32
[10:26:58] Can't kekulize mol.  Unkekulized atoms: 1 2 3 4 5 6 7 8 9
[10:26:58] Can't kekulize mol.  Unkekulized atoms: 1 2 3 4 5 6 7 8 9
[10:26:58] Can't kekulize mol.  Unkekulized atoms: 1 2 3 4 5 6 7 8 9
[10:26:58] Can't kekulize mol.  Unkekulized atoms: 1 2 3 4 5 6 7 8 9
[10:26:58] Can't kekulize mol.  Unkekulized atoms: 1 2 3 4 5 6 7 8 9
[10:26:58] Can't kekulize mol.  Unkekulized atoms: 1 2 3 4 5 6 7 8 9
[10:26:58] Can't kekulize mol.  Unkekulized atoms: 26 27 28 29 30 31 33 34 35
[10:26:58] Can't kekulize mol.  Unkekulized atoms: 22 23 24 25 26 27 29 30 31
[10:26:58] Can't kekulize mol.  Unkekulized atoms: 1 2 3 4 5 6 7 8 9
[10:26:58] Can't kekulize mol.  Unkekulized atoms: 1 2 3 4 5 6 7 8 9
[10:26:58] Can't kekulize mol.  Unkekulized atoms: 1 2 3 4 5 6 7 8 9
[10:26:58] Can't kekulize mol.  Unkekulized atoms: 1 2 3 4 5 6 7 8 9
[10:26:58] Can't kekulize mol.  Unkekulized atoms: 6 7 8 9 10 11 12 13 14
[10:26:58] Can't kekulize mol.  Unkekulized atoms: 2 3 4 5 6 7 8 9 10
[10:26:58] Can't kekulize mol.  Unkekulized atoms: 6 7 8 9 10 11 19 20 21
[10:26:58] Can't kekulize mol.  Unkekulized atoms: 1 2 3 4 5 6 7 8 9
[10:26:58] Can't kekulize mol.  Unkekulized atoms: 25 26 27 28 29 30 32 33 34
[10:26:58] Can't kekulize mol.  Unkekulized atoms: 23 24 25 26 27 28 30 31 32
[10:26:58] Can't kekulize mol.  Unkekulized atoms: 1 2 3 4 5 6 7 8 9
[10:26:58] Can't kekulize mol.  Unkekulized atoms: 1 2 3 4 5 6 7 8 9
[10:26:58] Can't kekulize mol.  Unkekulized atoms: 1 2 3 4 5 6 7 8 9
[10:26:58] Can't kekulize mol.  Unkekulized atoms: 1 2 3 4 5 6 7 8 9
[10:26:58] Can't kekulize mol.  Unkekulized atoms: 21 22 23 24 25 26 28 29 30
[10:26:58] Can't kekulize mol.  Unkekulized atoms: 19 20 21 22 23 24 26 27 28
[10:26:58] Can't kekulize mol.  Unkekulized atoms: 1 2 3 4 5 6 7 8 9
[10:26:58] Can't kekulize mol.  Unkekulized atoms: 1 2 3 4 5 6 7 8 9
[10:26:58] Can't kekulize mol.  Unkekulized atoms: 1 2 3 4 5 6 7 8 9
[10:26:58] Can't kekulize mol.  Unkekulized atoms: 19 20 21 22 23 24 26 27 28
[10:26:58] Can't kekulize mol.  Unkekulized atoms: 1 2 3 4 5 6 7 8 9
[10:26:58] Can't kekulize mol.  Unkekulized atoms: 20 21 22 23 24 25 27 28 29
[10:26:58] Can't kekulize mol.  Unkekulized atoms: 1 2 3 4 5 6 7 8 9
[10:26:58] Can't kekulize mol.  Unkekulized atoms: 21 22 23 24 25 26 28 29 30
[10:26:58] Can't kekulize mol.  Unkekulized atoms: 1 2 3 4 5 6 7 8 9
[10:26:58] Can't kekulize mol.  Unkekulized atoms: 1 2 3 4 5 6 7 8 9
[10:26:58] Can't kekulize mol.  Unkekulized atoms: 1 2 3 4 5 6 7 8 9
[10:26:58] Can't kekulize mol.  Unkekulized atoms: 1 2 3 4 5 6 7 8 9
[10:26:58] Can't kekulize mol.  Unkekulized atoms: 1 2 3 4 5 6 7 8 9
[10:26:58] Can't kekulize mol.  Unkekulized atoms: 1 2 3 4 5 6 7 8 9
[10:26:58] Can't kekulize mol.  Unkekulized atoms: 1 2 3 4 5 6 7 8 9
[10:26:58] Can't kekulize mol.  Unkekulized atoms: 1 2 3 4 5 6 7 8 9
[10:26:58] Can't kekulize mol.  Unkekulized atoms: 1 2 3 4 5 6 7 8 9
[10:26:58] Can't kekulize mol.  Unkekulized atoms: 26 27 28 29 30 31 33 34 35
[10:26:58] Can't kekulize mol.  Unkekulized atoms: 1 2 3 4 5 6 7 8 9
[10:26:58] Can't kekulize mol.  Unkekulized atoms: 27 28 29 30 31 32 34 35 36
[10:26:58] Can't kekulize mol.  Unkekulized atoms: 1 2 3 4 5 6 7 8 9
[10:26:58] Can't kekulize mol.  Unkekulized atoms: 21 22 23 24 25 26 28 29 30
[10:27:00] Can't kekulize mol.  Unkekulized atoms: 14 15 16 17 35 36 37 38 39
[10:27:00] Can't kekulize mol.  Unkekulized atoms: 29 30 31 33 34
[10:27:00] Can't kekulize mol.  Unkekulized atoms: 29 30 31 33 34
[10:27:00] Can't kekulize mol.  Unkekulized atoms: 17 18 19
[10:27:00] Can't kekulize mol.  Unkekulized atoms: 20 21 22
[10:27:00] SMILES Parse Error: syntax error while parsing: restricted
[10:27:00] SMILES Parse Error: Failed parsing SMILES 'restricted' for input: 'restricted'
/home/debnathk/dleps/code/acm_bcb/code/bindingdb_rnaseq_common_smiles.py:16: SettingWithCopyWarning: 
A value is trying to be set on a copy of a slice from a DataFrame.
Try using .loc[row_indexer,col_indexer] = value instead

See the caveats in the documentation: https://pandas.pydata.org/pandas-docs/stable/user_guide/indexing.html#returning-a-view-versus-a-copy
  unique_smiles_l1000['canonical_smiles'] = unique_smiles_l1000['canonical_smiles'].apply(lambda x: standardize_smiles(x))
