Date
Tue 09 Apr 2024 06:22:34 PM EDT
Unique ligands: 2264
Parse tree error at 1155
Parse tree error at 2225
Too large molecules, out of range
Too large molecules, out of range
Too large molecules, out of range
Too large molecules, out of range
Too large molecules, out of range
Too large molecules, out of range
Too large molecules, out of range
Too large molecules, out of range
Too large molecules, out of range
Too large molecules, out of range
Too large molecules, out of range
Too large molecules, out of range
Too large molecules, out of range
Too large molecules, out of range
Too large molecules, out of range
Too large molecules, out of range
Too large molecules, out of range
Too large molecules, out of range
Too large molecules, out of range
Too large molecules, out of range
Too large molecules, out of range
Too large molecules, out of range
Too large molecules, out of range
Too large molecules, out of range
Too large molecules, out of range
Too large molecules, out of range
Too large molecules, out of range
Too large molecules, out of range
Too large molecules, out of range
Too large molecules, out of range
Too large molecules, out of range
Too large molecules, out of range
Too large molecules, out of range
Too large molecules, out of range
Too large molecules, out of range
Too large molecules, out of range
Too large molecules, out of range
Too large molecules, out of range
Too large molecules, out of range
Too large molecules, out of range
Too large molecules, out of range
Too large molecules, out of range
Too large molecules, out of range
Too large molecules, out of range
18815 2262
2
18813
Done!
Elapsed time: 71 seconds
